<?xml version="1.0" encoding="UTF-8"?>
<testsuite xmlns:xsi="http://www.w3.org/2001/XMLSchema-instance" xsi:noNamespaceSchemaLocation="https://maven.apache.org/surefire/maven-surefire-plugin/xsd/surefire-test-report-3.0.xsd" version="3.0" name="com.event.Event.EventApplicationTests" time="3.431" tests="1" errors="0" skipped="0" failures="0">
  <properties>
[...]
</properties>
  <testcase name="contextLoads" classname="com.event.Event.EventApplicationTests" time="1.048">
    <system-out><![CDATA[23:45:31.403 [main] INFO org.springframework.test.context.support.AnnotationConfigContextLoaderUtils -- Could not detect default configuration classes for test class [com.event.Event.EventApplicationTests]: EventApplicationTests does not declare any static, non-private, non-final, nested classes annotated with @Configuration.
23:45:31.542 [main] INFO org.springframework.boot.test.context.SpringBootTestContextBootstrapper -- Found @SpringBootConfiguration com.event.Event.EventApplication for test class com.event.Event.EventApplicationTests
23:45:31.780 [main] INFO org.springframework.boot.devtools.restart.RestartApplicationListener -- Restart disabled due to context in which it is running

  .   ____          _            __ _ _
 /\\ / ___'_ __ _ _(_)_ __  __ _ \ \ \ \
( ( )\___ | '_ | '_| | '_ \/ _` | \ \ \ \
 \\/  ___)| |_)| | | | | || (_| |  ) ) ) )
  '  |____| .__|_| |_|_| |_\__, | / / / /
 =========|_|==============|___/=/_/_/_/

 :: Spring Boot ::                (v3.3.5)

2024-11-18T23:45:32.144+05:30  INFO 6256 --- [Event] [           main] com.event.Event.EventApplicationTests    : Starting EventApplicationTests using Java 17.0.13 with PID 6256 (started by anand in C:\Users\anand\Desktop\Event)
2024-11-18T23:45:32.146+05:30  INFO 6256 --- [Event] [           main] com.event.Event.EventApplicationTests    : No active profile set, falling back to 1 default profile: "default"
2024-11-18T23:45:33.531+05:30  INFO 6256 --- [Event] [           main] com.event.Event.EventApplicationTests    : Started EventApplicationTests in 1.768 seconds (process running for 3.058)
]]></system-out>
  </testcase>
</testsuite>